<?xml version="1.0" encoding="UTF-8"?>
<robot generator="Robot 3.2.2 (Python 3.8.6rc1 on win32)" generated="20201021 11:31:01.081" rpa="false">
<suite id="s1" name="Data Test1" source="C:\Users\ADMIN\PycharmProjects\pythonProject\Robo\Robot\data_test1.robot">
<kw name="open bro" library="Data_Driven" type="setup">
<kw name="Open Browser" library="SeleniumLibrary">
<doc>Opens a new browser instance to the optional ``url``.</doc>
<arguments>
<arg>${url}</arg>
<arg>${browser}</arg>
</arguments>
<msg timestamp="20201021 11:31:01.333" level="INFO">Opening browser 'chrome' to base url 'https://www.freelancer.in/'.</msg>
<status status="PASS" starttime="20201021 11:31:01.333" endtime="20201021 11:31:08.033"></status>
</kw>
<kw name="Maximize Browser Window" library="SeleniumLibrary">
<doc>Maximizes current browser window.</doc>
<status status="PASS" starttime="20201021 11:31:08.034" endtime="20201021 11:31:10.182"></status>
</kw>
<kw name="Set Selenium Speed" library="SeleniumLibrary">
<doc>Sets the delay that is waited after each Selenium command.</doc>
<arguments>
<arg>2 seconds</arg>
</arguments>
<status status="PASS" starttime="20201021 11:31:10.182" endtime="20201021 11:31:10.182"></status>
</kw>
<status status="PASS" starttime="20201021 11:31:01.333" endtime="20201021 11:31:10.182"></status>
</kw>
<test id="s1-t1" name="logintestwithxl using">
<kw name="Invalid Login">
<arguments>
<arg>mvprashanth1986@gmail.com</arg>
<arg>dfgdfg</arg>
</arguments>
<kw name="open page" library="Data_Driven">
<kw name="Go To" library="SeleniumLibrary">
<doc>Navigates the current browser window to the provided ``url``.</doc>
<arguments>
<arg>${url}</arg>
</arguments>
<msg timestamp="20201021 11:31:10.185" level="INFO">Opening url 'https://www.freelancer.in/'</msg>
<status status="PASS" starttime="20201021 11:31:10.184" endtime="20201021 11:31:14.420"></status>
</kw>
<kw name="Click Link" library="SeleniumLibrary">
<doc>Clicks a link identified by ``locator``.</doc>
<arguments>
<arg>Log In</arg>
</arguments>
<msg timestamp="20201021 11:31:14.420" level="INFO">Clicking link 'Log In'.</msg>
<status status="PASS" starttime="20201021 11:31:14.420" endtime="20201021 11:31:20.571"></status>
</kw>
<status status="PASS" starttime="20201021 11:31:10.184" endtime="20201021 11:31:20.571"></status>
</kw>
<kw name="Input Username" library="Data_Driven">
<arguments>
<arg>${username}</arg>
</arguments>
<kw name="Input Text" library="SeleniumLibrary">
<doc>Types the given ``text`` into the text field identified by ``locator``.</doc>
<arguments>
<arg>xpath://input[@type='email']</arg>
<arg>${username}</arg>
</arguments>
<msg timestamp="20201021 11:31:20.574" level="INFO">Typing text 'mvprashanth1986@gmail.com' into text field 'xpath://input[@type='email']'.</msg>
<status status="PASS" starttime="20201021 11:31:20.573" endtime="20201021 11:31:26.860"></status>
</kw>
<status status="PASS" starttime="20201021 11:31:20.572" endtime="20201021 11:31:26.860"></status>
</kw>
<kw name="Input Password" library="Data_Driven">
<arguments>
<arg>${password}</arg>
</arguments>
<kw name="Input Text" library="SeleniumLibrary">
<doc>Types the given ``text`` into the text field identified by ``locator``.</doc>
<arguments>
<arg>xpath://input[@type='password']</arg>
<arg>${password}</arg>
</arguments>
<msg timestamp="20201021 11:31:26.861" level="INFO">Typing text 'dfgdfg' into text field 'xpath://input[@type='password']'.</msg>
<status status="PASS" starttime="20201021 11:31:26.861" endtime="20201021 11:31:33.182"></status>
</kw>
<status status="PASS" starttime="20201021 11:31:26.860" endtime="20201021 11:31:33.182"></status>
</kw>
<kw name="Click Login Button" library="Data_Driven">
<kw name="Click Element" library="SeleniumLibrary">
<doc>Click the element identified by ``locator``.</doc>
<arguments>
<arg>xpath://button[@type='submit']</arg>
</arguments>
<msg timestamp="20201021 11:31:33.184" level="INFO">Clicking element 'xpath://button[@type='submit']'.</msg>
<status status="PASS" starttime="20201021 11:31:33.184" endtime="20201021 11:31:37.442"></status>
</kw>
<status status="PASS" starttime="20201021 11:31:33.183" endtime="20201021 11:31:37.442"></status>
</kw>
<kw name="errror message" library="Data_Driven">
<kw name="Page Should Contain" library="SeleniumLibrary">
<doc>Verifies that current page contains ``text``.</doc>
<arguments>
<arg>Incorrect username or password.</arg>
</arguments>
<msg timestamp="20201021 11:31:41.490" level="INFO">Current page contains text 'Incorrect username or password.'.</msg>
<status status="PASS" starttime="20201021 11:31:37.444" endtime="20201021 11:31:41.490"></status>
</kw>
<status status="PASS" starttime="20201021 11:31:37.443" endtime="20201021 11:31:41.490"></status>
</kw>
<status status="PASS" starttime="20201021 11:31:10.184" endtime="20201021 11:31:41.491"></status>
</kw>
<status status="PASS" starttime="20201021 11:31:10.183" endtime="20201021 11:31:41.491" critical="yes"></status>
</test>
<test id="s1-t2" name="logintestwithxl using">
<kw name="Invalid Login">
<arguments>
<arg>mvprashanth1986@gmail.com</arg>
<arg>ghghfgh</arg>
</arguments>
<kw name="open page" library="Data_Driven">
<kw name="Go To" library="SeleniumLibrary">
<doc>Navigates the current browser window to the provided ``url``.</doc>
<arguments>
<arg>${url}</arg>
</arguments>
<msg timestamp="20201021 11:31:41.495" level="INFO">Opening url 'https://www.freelancer.in/'</msg>
<status status="PASS" starttime="20201021 11:31:41.495" endtime="20201021 11:31:45.139"></status>
</kw>
<kw name="Click Link" library="SeleniumLibrary">
<doc>Clicks a link identified by ``locator``.</doc>
<arguments>
<arg>Log In</arg>
</arguments>
<msg timestamp="20201021 11:31:45.139" level="INFO">Clicking link 'Log In'.</msg>
<status status="PASS" starttime="20201021 11:31:45.139" endtime="20201021 11:31:51.270"></status>
</kw>
<status status="PASS" starttime="20201021 11:31:41.494" endtime="20201021 11:31:51.270"></status>
</kw>
<kw name="Input Username" library="Data_Driven">
<arguments>
<arg>${username}</arg>
</arguments>
<kw name="Input Text" library="SeleniumLibrary">
<doc>Types the given ``text`` into the text field identified by ``locator``.</doc>
<arguments>
<arg>xpath://input[@type='email']</arg>
<arg>${username}</arg>
</arguments>
<msg timestamp="20201021 11:31:51.271" level="INFO">Typing text 'mvprashanth1986@gmail.com' into text field 'xpath://input[@type='email']'.</msg>
<status status="PASS" starttime="20201021 11:31:51.271" endtime="20201021 11:31:57.561"></status>
</kw>
<status status="PASS" starttime="20201021 11:31:51.270" endtime="20201021 11:31:57.561"></status>
</kw>
<kw name="Input Password" library="Data_Driven">
<arguments>
<arg>${password}</arg>
</arguments>
<kw name="Input Text" library="SeleniumLibrary">
<doc>Types the given ``text`` into the text field identified by ``locator``.</doc>
<arguments>
<arg>xpath://input[@type='password']</arg>
<arg>${password}</arg>
</arguments>
<msg timestamp="20201021 11:31:57.564" level="INFO">Typing text 'ghghfgh' into text field 'xpath://input[@type='password']'.</msg>
<status status="PASS" starttime="20201021 11:31:57.563" endtime="20201021 11:32:03.847"></status>
</kw>
<status status="PASS" starttime="20201021 11:31:57.562" endtime="20201021 11:32:03.847"></status>
</kw>
<kw name="Click Login Button" library="Data_Driven">
<kw name="Click Element" library="SeleniumLibrary">
<doc>Click the element identified by ``locator``.</doc>
<arguments>
<arg>xpath://button[@type='submit']</arg>
</arguments>
<msg timestamp="20201021 11:32:03.849" level="INFO">Clicking element 'xpath://button[@type='submit']'.</msg>
<status status="PASS" starttime="20201021 11:32:03.849" endtime="20201021 11:32:08.105"></status>
</kw>
<status status="PASS" starttime="20201021 11:32:03.848" endtime="20201021 11:32:08.106"></status>
</kw>
<kw name="errror message" library="Data_Driven">
<kw name="Page Should Contain" library="SeleniumLibrary">
<doc>Verifies that current page contains ``text``.</doc>
<arguments>
<arg>Incorrect username or password.</arg>
</arguments>
<msg timestamp="20201021 11:32:12.156" level="INFO">Current page contains text 'Incorrect username or password.'.</msg>
<status status="PASS" starttime="20201021 11:32:08.107" endtime="20201021 11:32:12.156"></status>
</kw>
<status status="PASS" starttime="20201021 11:32:08.106" endtime="20201021 11:32:12.157"></status>
</kw>
<status status="PASS" starttime="20201021 11:31:41.494" endtime="20201021 11:32:12.157"></status>
</kw>
<status status="PASS" starttime="20201021 11:31:41.493" endtime="20201021 11:32:12.159" critical="yes"></status>
</test>
<test id="s1-t3" name="logintestwithxl using">
<kw name="Invalid Login">
<arguments>
<arg>mvprashanth1986@gmail.com</arg>
<arg>gfhg</arg>
</arguments>
<kw name="open page" library="Data_Driven">
<kw name="Go To" library="SeleniumLibrary">
<doc>Navigates the current browser window to the provided ``url``.</doc>
<arguments>
<arg>${url}</arg>
</arguments>
<msg timestamp="20201021 11:32:12.169" level="INFO">Opening url 'https://www.freelancer.in/'</msg>
<status status="PASS" starttime="20201021 11:32:12.168" endtime="20201021 11:32:15.895"></status>
</kw>
<kw name="Click Link" library="SeleniumLibrary">
<doc>Clicks a link identified by ``locator``.</doc>
<arguments>
<arg>Log In</arg>
</arguments>
<msg timestamp="20201021 11:32:15.895" level="INFO">Clicking link 'Log In'.</msg>
<status status="PASS" starttime="20201021 11:32:15.895" endtime="20201021 11:32:22.050"></status>
</kw>
<status status="PASS" starttime="20201021 11:32:12.167" endtime="20201021 11:32:22.050"></status>
</kw>
<kw name="Input Username" library="Data_Driven">
<arguments>
<arg>${username}</arg>
</arguments>
<kw name="Input Text" library="SeleniumLibrary">
<doc>Types the given ``text`` into the text field identified by ``locator``.</doc>
<arguments>
<arg>xpath://input[@type='email']</arg>
<arg>${username}</arg>
</arguments>
<msg timestamp="20201021 11:32:22.052" level="INFO">Typing text 'mvprashanth1986@gmail.com' into text field 'xpath://input[@type='email']'.</msg>
<status status="PASS" starttime="20201021 11:32:22.052" endtime="20201021 11:32:28.666"></status>
</kw>
<status status="PASS" starttime="20201021 11:32:22.051" endtime="20201021 11:32:28.667"></status>
</kw>
<kw name="Input Password" library="Data_Driven">
<arguments>
<arg>${password}</arg>
</arguments>
<kw name="Input Text" library="SeleniumLibrary">
<doc>Types the given ``text`` into the text field identified by ``locator``.</doc>
<arguments>
<arg>xpath://input[@type='password']</arg>
<arg>${password}</arg>
</arguments>
<msg timestamp="20201021 11:32:28.669" level="INFO">Typing text 'gfhg' into text field 'xpath://input[@type='password']'.</msg>
<status status="PASS" starttime="20201021 11:32:28.668" endtime="20201021 11:32:35.018"></status>
</kw>
<status status="PASS" starttime="20201021 11:32:28.667" endtime="20201021 11:32:35.019"></status>
</kw>
<kw name="Click Login Button" library="Data_Driven">
<kw name="Click Element" library="SeleniumLibrary">
<doc>Click the element identified by ``locator``.</doc>
<arguments>
<arg>xpath://button[@type='submit']</arg>
</arguments>
<msg timestamp="20201021 11:32:35.021" level="INFO">Clicking element 'xpath://button[@type='submit']'.</msg>
<status status="PASS" starttime="20201021 11:32:35.020" endtime="20201021 11:32:39.196"></status>
</kw>
<status status="PASS" starttime="20201021 11:32:35.019" endtime="20201021 11:32:39.197"></status>
</kw>
<kw name="errror message" library="Data_Driven">
<kw name="Page Should Contain" library="SeleniumLibrary">
<doc>Verifies that current page contains ``text``.</doc>
<arguments>
<arg>Incorrect username or password.</arg>
</arguments>
<msg timestamp="20201021 11:32:43.245" level="INFO">Current page contains text 'Incorrect username or password.'.</msg>
<status status="PASS" starttime="20201021 11:32:39.198" endtime="20201021 11:32:43.245"></status>
</kw>
<status status="PASS" starttime="20201021 11:32:39.197" endtime="20201021 11:32:43.246"></status>
</kw>
<status status="PASS" starttime="20201021 11:32:12.166" endtime="20201021 11:32:43.246"></status>
</kw>
<status status="PASS" starttime="20201021 11:32:12.165" endtime="20201021 11:32:43.248" critical="yes"></status>
</test>
<test id="s1-t4" name="logintestwithxl using">
<kw name="Invalid Login">
<arguments>
<arg>mvprashanth1986@gmail.com</arg>
<arg>uiouio</arg>
</arguments>
<kw name="open page" library="Data_Driven">
<kw name="Go To" library="SeleniumLibrary">
<doc>Navigates the current browser window to the provided ``url``.</doc>
<arguments>
<arg>${url}</arg>
</arguments>
<msg timestamp="20201021 11:32:43.256" level="INFO">Opening url 'https://www.freelancer.in/'</msg>
<status status="PASS" starttime="20201021 11:32:43.256" endtime="20201021 11:32:46.962"></status>
</kw>
<kw name="Click Link" library="SeleniumLibrary">
<doc>Clicks a link identified by ``locator``.</doc>
<arguments>
<arg>Log In</arg>
</arguments>
<msg timestamp="20201021 11:32:46.962" level="INFO">Clicking link 'Log In'.</msg>
<status status="PASS" starttime="20201021 11:32:46.962" endtime="20201021 11:32:53.089"></status>
</kw>
<status status="PASS" starttime="20201021 11:32:43.255" endtime="20201021 11:32:53.089"></status>
</kw>
<kw name="Input Username" library="Data_Driven">
<arguments>
<arg>${username}</arg>
</arguments>
<kw name="Input Text" library="SeleniumLibrary">
<doc>Types the given ``text`` into the text field identified by ``locator``.</doc>
<arguments>
<arg>xpath://input[@type='email']</arg>
<arg>${username}</arg>
</arguments>
<msg timestamp="20201021 11:32:53.090" level="INFO">Typing text 'mvprashanth1986@gmail.com' into text field 'xpath://input[@type='email']'.</msg>
<status status="PASS" starttime="20201021 11:32:53.090" endtime="20201021 11:32:59.312"></status>
</kw>
<status status="PASS" starttime="20201021 11:32:53.089" endtime="20201021 11:32:59.312"></status>
</kw>
<kw name="Input Password" library="Data_Driven">
<arguments>
<arg>${password}</arg>
</arguments>
<kw name="Input Text" library="SeleniumLibrary">
<doc>Types the given ``text`` into the text field identified by ``locator``.</doc>
<arguments>
<arg>xpath://input[@type='password']</arg>
<arg>${password}</arg>
</arguments>
<msg timestamp="20201021 11:32:59.314" level="INFO">Typing text 'uiouio' into text field 'xpath://input[@type='password']'.</msg>
<status status="PASS" starttime="20201021 11:32:59.314" endtime="20201021 11:33:05.514"></status>
</kw>
<status status="PASS" starttime="20201021 11:32:59.313" endtime="20201021 11:33:05.514"></status>
</kw>
<kw name="Click Login Button" library="Data_Driven">
<kw name="Click Element" library="SeleniumLibrary">
<doc>Click the element identified by ``locator``.</doc>
<arguments>
<arg>xpath://button[@type='submit']</arg>
</arguments>
<msg timestamp="20201021 11:33:05.516" level="INFO">Clicking element 'xpath://button[@type='submit']'.</msg>
<status status="PASS" starttime="20201021 11:33:05.516" endtime="20201021 11:33:09.666"></status>
</kw>
<status status="PASS" starttime="20201021 11:33:05.515" endtime="20201021 11:33:09.667"></status>
</kw>
<kw name="errror message" library="Data_Driven">
<kw name="Page Should Contain" library="SeleniumLibrary">
<doc>Verifies that current page contains ``text``.</doc>
<arguments>
<arg>Incorrect username or password.</arg>
</arguments>
<msg timestamp="20201021 11:33:13.700" level="INFO">Current page contains text 'Incorrect username or password.'.</msg>
<status status="PASS" starttime="20201021 11:33:09.668" endtime="20201021 11:33:13.700"></status>
</kw>
<status status="PASS" starttime="20201021 11:33:09.667" endtime="20201021 11:33:13.701"></status>
</kw>
<status status="PASS" starttime="20201021 11:32:43.254" endtime="20201021 11:33:13.701"></status>
</kw>
<status status="PASS" starttime="20201021 11:32:43.253" endtime="20201021 11:33:13.703" critical="yes"></status>
</test>
<kw name="close bro" library="Data_Driven" type="teardown">
<kw name="Close All Browsers" library="SeleniumLibrary">
<doc>Closes all open browsers and resets the browser cache.</doc>
<status status="PASS" starttime="20201021 11:33:13.709" endtime="20201021 11:33:17.813"></status>
</kw>
<status status="PASS" starttime="20201021 11:33:13.708" endtime="20201021 11:33:17.814"></status>
</kw>
<status status="PASS" starttime="20201021 11:31:01.083" endtime="20201021 11:33:17.814"></status>
</suite>
<statistics>
<total>
<stat pass="4" fail="0">Critical Tests</stat>
<stat pass="4" fail="0">All Tests</stat>
</total>
<tag>
</tag>
<suite>
<stat pass="4" fail="0" id="s1" name="Data Test1">Data Test1</stat>
</suite>
</statistics>
<errors>
<msg timestamp="20201021 11:31:41.493" level="WARN">Multiple test cases with name 'logintestwithxl using' executed in test suite 'Data Test1'.</msg>
<msg timestamp="20201021 11:32:12.163" level="WARN">Multiple test cases with name 'logintestwithxl using' executed in test suite 'Data Test1'.</msg>
<msg timestamp="20201021 11:32:43.252" level="WARN">Multiple test cases with name 'logintestwithxl using' executed in test suite 'Data Test1'.</msg>
</errors>
</robot>
